<?xml version="1.0" encoding="UTF-8"?>
<!-- Generated by org.testng.reporters.JUnitXMLReporter -->
<testsuite ignored="0" hostname="ubuntu1804" failures="0" tests="3" name="Default test" time="28.905" errors="0" timestamp="2019-11-19T23:07:22 EST">
  <testcase classname="main" name="testGettitleLegalShield" time="12.436"/>
  <testcase classname="main" name="testNavigateToLawFirm" time="7.614"/>
  <testcase classname="main" name="testNavigateToWhyLegalShieldPage" time="7.298"/>
</testsuite> <!-- Default test -->
