<?xml version="1.0" encoding="UTF-8"?>
<testng-results ignored="0" total="3" passed="3" failed="0" skipped="0">
  <reporter-output>
  </reporter-output>
  <suite started-at="2019-11-19T23:06:53 EST" name="Default suite" finished-at="2019-11-19T23:07:22 EST" duration-ms="28905">
    <groups>
    </groups>
    <test started-at="2019-11-19T23:06:53 EST" name="Default test" finished-at="2019-11-19T23:07:22 EST" duration-ms="28905">
      <class name="main">
        <test-method is-config="true" signature="beforeTest()[pri:0, instance:main@105fece7]" started-at="2019-11-19T23:06:53 EST" name="beforeTest" finished-at="2019-11-19T23:06:54 EST" duration-ms="1419" status="PASS">
          <reporter-output>
          </reporter-output>
        </test-method> <!-- beforeTest -->
        <test-method signature="testGettitleLegalShield()[pri:0, instance:main@105fece7]" started-at="2019-11-19T23:06:54 EST" name="testGettitleLegalShield" finished-at="2019-11-19T23:07:07 EST" duration-ms="12436" status="PASS">
          <reporter-output>
          </reporter-output>
        </test-method> <!-- testGettitleLegalShield -->
        <test-method signature="testNavigateToLawFirm()[pri:0, instance:main@105fece7]" started-at="2019-11-19T23:07:07 EST" name="testNavigateToLawFirm" finished-at="2019-11-19T23:07:14 EST" duration-ms="7614" status="PASS">
          <reporter-output>
          </reporter-output>
        </test-method> <!-- testNavigateToLawFirm -->
        <test-method signature="testNavigateToWhyLegalShieldPage()[pri:0, instance:main@105fece7]" started-at="2019-11-19T23:07:14 EST" name="testNavigateToWhyLegalShieldPage" finished-at="2019-11-19T23:07:22 EST" duration-ms="7298" status="PASS">
          <reporter-output>
          </reporter-output>
        </test-method> <!-- testNavigateToWhyLegalShieldPage -->
        <test-method is-config="true" signature="afterTest()[pri:0, instance:main@105fece7]" started-at="2019-11-19T23:07:22 EST" name="afterTest" finished-at="2019-11-19T23:07:22 EST" duration-ms="91" status="PASS">
          <reporter-output>
          </reporter-output>
        </test-method> <!-- afterTest -->
      </class> <!-- main -->
    </test> <!-- Default test -->
  </suite> <!-- Default suite -->
</testng-results>
